{"C:\\Users\\Budi Santoso\\Documents\\office\\throws\\vite-testing-app\\src\\App.tsx": {"path":"C:\\Users\\Budi Santoso\\Documents\\office\\throws\\vite-testing-app\\src\\App.tsx","statementMap":{"0":{"start":{"line":7,"column":28},"end":{"line":7,"column":39}},"1":{"start":{"line":10,"column":2},"end":{"line":33,"column":4}},"2":{"start":{"line":22,"column":31},"end":{"line":22,"column":61}},"3":{"start":{"line":22,"column":51},"end":{"line":22,"column":60}}},"fnMap":{"0":{"name":"App","decl":{"start":{"line":6,"column":9},"end":{"line":6,"column":12}},"loc":{"start":{"line":6,"column":15},"end":{"line":34,"column":1}},"line":6},"1":{"name":"(anonymous_1)","decl":{"start":{"line":22,"column":25},"end":{"line":22,"column":26}},"loc":{"start":{"line":22,"column":31},"end":{"line":22,"column":61}},"line":22},"2":{"name":"(anonymous_2)","decl":{"start":{"line":22,"column":40},"end":{"line":22,"column":41}},"loc":{"start":{"line":22,"column":51},"end":{"line":22,"column":60}},"line":22}},"branchMap":{},"s":{"0":3,"1":3,"2":1,"3":1},"f":{"0":3,"1":1,"2":1},"b":{},"_coverageSchema":"1a1c01bbd47fc00a2c39e90264f33305004495a9","hash":"cf9bbfec1a82f8eba19094094fd19cf34bd458a2"}
,"C:\\Users\\Budi Santoso\\Documents\\office\\throws\\vite-testing-app\\src\\components\\with-hook\\index.tsx": {"path":"C:\\Users\\Budi Santoso\\Documents\\office\\throws\\vite-testing-app\\src\\components\\with-hook\\index.tsx","statementMap":{"0":{"start":{"line":3,"column":24},"end":{"line":15,"column":1}},"1":{"start":{"line":4,"column":39},"end":{"line":4,"column":49}},"2":{"start":{"line":6,"column":4},"end":{"line":8,"column":5}},"3":{"start":{"line":7,"column":8},"end":{"line":7,"column":30}},"4":{"start":{"line":10,"column":4},"end":{"line":12,"column":5}},"5":{"start":{"line":11,"column":8},"end":{"line":11,"column":35}},"6":{"start":{"line":14,"column":4},"end":{"line":14,"column":32}}},"fnMap":{"0":{"name":"(anonymous_0)","decl":{"start":{"line":3,"column":24},"end":{"line":3,"column":25}},"loc":{"start":{"line":3,"column":30},"end":{"line":15,"column":1}},"line":3}},"branchMap":{"0":{"loc":{"start":{"line":6,"column":4},"end":{"line":8,"column":5}},"type":"if","locations":[{"start":{"line":6,"column":4},"end":{"line":8,"column":5}},{"start":{},"end":{}}],"line":6},"1":{"loc":{"start":{"line":10,"column":4},"end":{"line":12,"column":5}},"type":"if","locations":[{"start":{"line":10,"column":4},"end":{"line":12,"column":5}},{"start":{},"end":{}}],"line":10}},"s":{"0":1,"1":4,"2":4,"3":1,"4":3,"5":1,"6":2},"f":{"0":4},"b":{"0":[1,3],"1":[1,2]},"_coverageSchema":"1a1c01bbd47fc00a2c39e90264f33305004495a9","hash":"95ef6e50054d6f9d37f022d792645cdac73aedaa"}
,"C:\\Users\\Budi Santoso\\Documents\\office\\throws\\vite-testing-app\\src\\hooks\\use-fetch\\index.ts": {"path":"C:\\Users\\Budi Santoso\\Documents\\office\\throws\\vite-testing-app\\src\\hooks\\use-fetch\\index.ts","statementMap":{"0":{"start":{"line":4,"column":24},"end":{"line":6,"column":1}},"1":{"start":{"line":5,"column":2},"end":{"line":5,"column":21}}},"fnMap":{"0":{"name":"(anonymous_0)","decl":{"start":{"line":4,"column":24},"end":{"line":4,"column":25}},"loc":{"start":{"line":4,"column":51},"end":{"line":6,"column":1}},"line":4}},"branchMap":{},"s":{"0":3,"1":1},"f":{"0":1},"b":{},"_coverageSchema":"1a1c01bbd47fc00a2c39e90264f33305004495a9","hash":"6f26fbced5d97fbc37aec882e4ec153aacfbc3ca"}
}
