TN:
SF:src\App.tsx
FN:6,App
FN:22,(anonymous_1)
FN:22,(anonymous_2)
FNF:3
FNH:3
FNDA:3,App
FNDA:1,(anonymous_1)
FNDA:1,(anonymous_2)
DA:7,3
DA:10,3
DA:22,1
LF:3
LH:3
BRF:0
BRH:0
end_of_record
TN:
SF:src\components\with-hook\index.tsx
FN:3,(anonymous_0)
FNF:1
FNH:1
FNDA:4,(anonymous_0)
DA:3,1
DA:4,4
DA:6,4
DA:7,1
DA:10,3
DA:11,1
DA:14,2
LF:7
LH:7
BRDA:6,0,0,1
BRDA:6,0,1,3
BRDA:10,1,0,1
BRDA:10,1,1,2
BRF:4
BRH:4
end_of_record
TN:
SF:src\hooks\use-fetch\index.ts
FN:4,(anonymous_0)
FNF:1
FNH:1
FNDA:1,(anonymous_0)
DA:4,3
DA:5,1
LF:2
LH:2
BRF:0
BRH:0
end_of_record
